<?xml version="1.0" encoding="UTF-8"?>
<!-- Generated by org.testng.reporters.JUnitReportReporter -->
<testsuite hostname="LAPTOP-H6VEF0PU" failures="0" tests="3" name="automation.test.SubmitOrderTest" time="32.558" errors="0" timestamp="2025-04-14T21:28:32 JST" skipped="0">
  <testcase classname="automation.test.SubmitOrderTest" name="OrderHistoryTest" time="6.248"/>
  <testcase classname="automation.test.SubmitOrderTest" name="submitOrder" time="15.455"/>
  <testcase classname="automation.test.SubmitOrderTest" name="submitOrder" time="10.855"/>
</testsuite> <!-- automation.test.SubmitOrderTest -->
