<?xml version="1.0" encoding="UTF-8"?>
<!-- Generated by org.testng.reporters.JUnitReportReporter -->
<testsuite hostname="LAPTOP-H6VEF0PU" failures="0" tests="1" name="automation.test.ErrorValidationsTest" time="7.492" errors="0" timestamp="2025-03-16T17:38:43 JST" skipped="0">
  <testcase classname="automation.test.ErrorValidationsTest" name="submitOrder" time="7.492"/>
</testsuite> <!-- automation.test.ErrorValidationsTest -->
