<?xml version="1.0" encoding="UTF-8"?>
<!-- Generated by org.testng.reporters.JUnitReportReporter -->
<testsuite hostname="LAPTOP-H6VEF0PU" failures="0" tests="2" name="automation.test.SubmitOrderTest" time="46.649" errors="0" timestamp="2025-03-16T17:28:26 JST" skipped="0">
  <testcase classname="automation.test.SubmitOrderTest" name="OrderHistoryTest" time="35.404"/>
  <testcase classname="automation.test.SubmitOrderTest" name="submitOrder" time="11.245"/>
</testsuite> <!-- automation.test.SubmitOrderTest -->
