<?xml version="1.0" encoding="UTF-8"?>
<!-- Generated by org.testng.reporters.JUnitReportReporter -->
<testsuite hostname="LAPTOP-H6VEF0PU" failures="0" tests="2" name="automation.test.SubmitOrderTest" time="78.370" errors="0" timestamp="2025-03-16T22:50:19 JST" skipped="0">
  <testcase classname="automation.test.SubmitOrderTest" name="submitOrder" time="39.290"/>
  <testcase classname="automation.test.SubmitOrderTest" name="submitOrder" time="39.080"/>
</testsuite> <!-- automation.test.SubmitOrderTest -->
