<?xml version="1.0" encoding="UTF-8"?>
<!-- Generated by org.testng.reporters.JUnitReportReporter -->
<testsuite hostname="LAPTOP-H6VEF0PU" failures="0" tests="2" name="automation.test.SubmitOrderTest" time="80.520" errors="0" timestamp="2025-03-16T23:42:48 JST" skipped="0">
  <testcase classname="automation.test.SubmitOrderTest" name="submitOrder" time="38.941"/>
  <testcase classname="automation.test.SubmitOrderTest" name="submitOrder" time="41.579"/>
</testsuite> <!-- automation.test.SubmitOrderTest -->
