<?xml version="1.0" encoding="UTF-8"?>
<!-- Generated by org.testng.reporters.JUnitReportReporter -->
<testsuite hostname="LAPTOP-H6VEF0PU" failures="0" tests="1" name="automation.test.SubmitOrderTest" time="43.782" errors="0" timestamp="2025-03-15T21:00:41 JST" skipped="0">
  <testcase classname="automation.test.SubmitOrderTest" name="submitOrder" time="43.782"/>
</testsuite> <!-- automation.test.SubmitOrderTest -->
